16:26:56.776 INFO - Selenium build info: version: '3.3.1', revision: '5234b32'
16:26:56.776 INFO - Launching a standalone Selenium Server
2017-04-04 16:26:56.917:INFO::main: Logging initialized @1791ms to org.seleniumhq.jetty9.util.log.StdErrLog
16:26:57.042 INFO - Driver class not found: com.opera.core.systems.OperaDriver
16:26:57.042 INFO - Driver provider com.opera.core.systems.OperaDriver registration is skipped:
Unable to create new instances on this machine.
16:26:57.042 INFO - Driver class not found: com.opera.core.systems.OperaDriver
16:26:57.042 INFO - Driver provider com.opera.core.systems.OperaDriver is not registered
16:26:57.042 INFO - Driver provider org.openqa.selenium.safari.SafariDriver registration is skipped:
 registration capabilities Capabilities [{browserName=safari, version=, platform=MAC}] does not match the current platform WIN10
2017-04-04 16:26:57.105:INFO:osjs.Server:main: jetty-9.2.20.v20161216
2017-04-04 16:26:57.198:INFO:osjsh.ContextHandler:main: Started o.s.j.s.ServletContextHandler@4883b407{/,null,AVAILABLE}
2017-04-04 16:26:57.683:INFO:osjs.AbstractConnector:main: Started ServerConnector@59494225{HTTP/1.1,[http/1.1]}{0.0.0.0:4444}
2017-04-04 16:26:57.683:INFO:osjs.Server:main: Started @2561ms
16:26:57.683 INFO - Selenium Server is up and running
16:26:58.230 INFO - SessionCleaner initialized with insideBrowserTimeout 0 and clientGoneTimeout 1800000 polling every 180000
16:26:58.449 INFO - Executing: [new session: Capabilities [{acceptSslCerts=true, name=Test, browserName=chrome, javascriptEnabled=true, platform=ANY}]])
16:26:59.402 INFO - Creating a new session for Capabilities [{acceptSslCerts=true, name=Test, browserName=chrome, javascriptEnabled=true, platform=ANY}]
Starting ChromeDriver 2.28.455520 (cc17746adff54984afff480136733114c6b3704b) on port 7204
Only local connections are allowed.
16:27:05.997 INFO - Detected dialect: OSS
16:27:06.029 INFO - Done: [new session: Capabilities [{acceptSslCerts=true, name=Test, browserName=chrome, javascriptEnabled=true, platform=ANY}]]
16:27:06.091 INFO - Executing: [get: http://localhost:8083])
16:27:07.166 INFO - Done: [get: http://localhost:8083]
16:27:07.190 INFO - Executing: [find elements: By.cssSelector: #app])
16:27:07.296 INFO - Done: [find elements: By.cssSelector: #app]
16:27:07.312 INFO - Executing: [is displayed: 0 [[ChromeDriver: chrome on XP (a2245755ccce769e21ceaa4b3e3b0d77)] -> css selector: #app]])
16:27:07.374 INFO - Done: [is displayed: 0 [[ChromeDriver: chrome on XP (a2245755ccce769e21ceaa4b3e3b0d77)] -> css selector: #app]]
16:27:07.880 INFO - Executing: [is displayed: 0 [[ChromeDriver: chrome on XP (a2245755ccce769e21ceaa4b3e3b0d77)] -> css selector: #app]])
16:27:07.911 INFO - Done: [is displayed: 0 [[ChromeDriver: chrome on XP (a2245755ccce769e21ceaa4b3e3b0d77)] -> css selector: #app]]
16:27:08.430 INFO - Executing: [is displayed: 0 [[ChromeDriver: chrome on XP (a2245755ccce769e21ceaa4b3e3b0d77)] -> css selector: #app]])
16:27:08.461 INFO - Done: [is displayed: 0 [[ChromeDriver: chrome on XP (a2245755ccce769e21ceaa4b3e3b0d77)] -> css selector: #app]]
16:27:08.987 INFO - Executing: [is displayed: 0 [[ChromeDriver: chrome on XP (a2245755ccce769e21ceaa4b3e3b0d77)] -> css selector: #app]])
16:27:09.034 INFO - Done: [is displayed: 0 [[ChromeDriver: chrome on XP (a2245755ccce769e21ceaa4b3e3b0d77)] -> css selector: #app]]
16:27:09.549 INFO - Executing: [is displayed: 0 [[ChromeDriver: chrome on XP (a2245755ccce769e21ceaa4b3e3b0d77)] -> css selector: #app]])
16:27:09.659 INFO - Done: [is displayed: 0 [[ChromeDriver: chrome on XP (a2245755ccce769e21ceaa4b3e3b0d77)] -> css selector: #app]]
16:27:10.190 INFO - Executing: [is displayed: 0 [[ChromeDriver: chrome on XP (a2245755ccce769e21ceaa4b3e3b0d77)] -> css selector: #app]])
16:27:10.221 INFO - Done: [is displayed: 0 [[ChromeDriver: chrome on XP (a2245755ccce769e21ceaa4b3e3b0d77)] -> css selector: #app]]
16:27:10.734 INFO - Executing: [is displayed: 0 [[ChromeDriver: chrome on XP (a2245755ccce769e21ceaa4b3e3b0d77)] -> css selector: #app]])
16:27:10.765 INFO - Done: [is displayed: 0 [[ChromeDriver: chrome on XP (a2245755ccce769e21ceaa4b3e3b0d77)] -> css selector: #app]]
16:27:11.328 INFO - Executing: [is displayed: 0 [[ChromeDriver: chrome on XP (a2245755ccce769e21ceaa4b3e3b0d77)] -> css selector: #app]])
16:27:11.344 INFO - Done: [is displayed: 0 [[ChromeDriver: chrome on XP (a2245755ccce769e21ceaa4b3e3b0d77)] -> css selector: #app]]
16:27:11.855 INFO - Executing: [is displayed: 0 [[ChromeDriver: chrome on XP (a2245755ccce769e21ceaa4b3e3b0d77)] -> css selector: #app]])
16:27:11.902 INFO - Done: [is displayed: 0 [[ChromeDriver: chrome on XP (a2245755ccce769e21ceaa4b3e3b0d77)] -> css selector: #app]]
16:27:12.431 INFO - Executing: [is displayed: 0 [[ChromeDriver: chrome on XP (a2245755ccce769e21ceaa4b3e3b0d77)] -> css selector: #app]])
16:27:12.477 INFO - Done: [is displayed: 0 [[ChromeDriver: chrome on XP (a2245755ccce769e21ceaa4b3e3b0d77)] -> css selector: #app]]
16:27:12.524 INFO - Executing: [delete session: 50de0bad-7e35-45bd-95f2-cdfd978a513f])
16:27:14.463 INFO - Done: [delete session: 50de0bad-7e35-45bd-95f2-cdfd978a513f]
